The target system is: Emscripten - 1 - x86
The host system is: Linux - 6.8.0-1021-azure - x86_64
Compiling the C compiler identification source file "CMakeCCompilerId.c" succeeded.
Compiler: /workspaces/kaios-build-env/emsdk/upstream/emscripten/emcc 
Build flags: 
Id flags:  

The output was:
0
shared:INFO: (Emscripten: Running sanity checks)
cache:INFO: generating system asset: symbol_lists/568bcdeb50066867a0139c09c6b53af2c24b5a35.json... (this will be cached in "/workspaces/kaios-build-env/emsdk/upstream/emscripten/cache/symbol_lists/568bcdeb50066867a0139c09c6b53af2c24b5a35.json" for subsequent builds)
cache:INFO:  - ok


Compilation of the C compiler identification source "CMakeCCompilerId.c" produced "a.out.js"

Compilation of the C compiler identification source "CMakeCCompilerId.c" produced "a.out.wasm"

The C compiler identification is Clang, found in "/workspaces/kaios-build-env/kaios_rcs-main/lims/main/debug/build/CMakeFiles/3.16.3/CompilerIdC/a.out.wasm"

Determining if the C compiler works passed with the following output:
Change Dir: /workspaces/kaios-build-env/kaios_rcs-main/lims/main/debug/build/CMakeFiles/CMakeTmp

Run Build Command(s):/usr/bin/ninja cmTC_64c2c && [1/2] Building C object CMakeFiles/cmTC_64c2c.dir/testCCompiler.c.o
[2/2] Linking C executable cmTC_64c2c.js



Detecting C compiler ABI info compiled with the following output:
Change Dir: /workspaces/kaios-build-env/kaios_rcs-main/lims/main/debug/build/CMakeFiles/CMakeTmp

Run Build Command(s):/usr/bin/ninja cmTC_26bb7 && [1/2] Building C object CMakeFiles/cmTC_26bb7.dir/CMakeCCompilerABI.c.o
 /workspaces/kaios-build-env/emsdk/upstream/bin/clang -target wasm32-unknown-emscripten -fignore-exceptions -mllvm -combiner-global-alias-analysis=false -mllvm -enable-emscripten-sjlj -mllvm -disable-lsr --sysroot=/workspaces/kaios-build-env/emsdk/upstream/emscripten/cache/sysroot -DEMSCRIPTEN -Xclang -iwithsysroot/include/fakesdl -Xclang -iwithsysroot/include/compat -v -oCMakeFiles/cmTC_26bb7.dir/CMakeCCompilerABI.c.o -c /usr/share/cmake-3.16/Modules/CMakeCCompilerABI.c
clang version 21.0.0git (https:/github.com/llvm/llvm-project 4775e6d9099467df9363e1a3cd5950cc3d2fde05)
Target: wasm32-unknown-emscripten
Thread model: posix
InstalledDir: /workspaces/kaios-build-env/emsdk/upstream/bin
 (in-process)
 "/workspaces/kaios-build-env/emsdk/upstream/bin/clang-21" -cc1 -triple wasm32-unknown-emscripten -emit-obj -disable-free -clear-ast-before-backend -disable-llvm-verifier -discard-value-names -main-file-name CMakeCCompilerABI.c -mrelocation-model static -mframe-pointer=none -ffp-contract=on -fno-rounding-math -mconstructor-aliases -target-cpu generic -fvisibility=hidden -debugger-tuning=gdb -fdebug-compilation-dir=/workspaces/kaios-build-env/kaios_rcs-main/lims/main/debug/build/CMakeFiles/CMakeTmp -v -fcoverage-compilation-dir=/workspaces/kaios-build-env/kaios_rcs-main/lims/main/debug/build/CMakeFiles/CMakeTmp -resource-dir /workspaces/kaios-build-env/emsdk/upstream/lib/clang/21 -D EMSCRIPTEN -isysroot /workspaces/kaios-build-env/emsdk/upstream/emscripten/cache/sysroot -internal-isystem /workspaces/kaios-build-env/emsdk/upstream/lib/clang/21/include -internal-isystem /workspaces/kaios-build-env/emsdk/upstream/emscripten/cache/sysroot/include/wasm32-emscripten -internal-isystem /workspaces/kaios-build-env/emsdk/upstream/emscripten/cache/sysroot/include -ferror-limit 19 -fgnuc-version=4.2.1 -fskip-odr-check-in-gmf -fignore-exceptions -iwithsysroot/include/fakesdl -iwithsysroot/include/compat -mllvm -combiner-global-alias-analysis=false -mllvm -enable-emscripten-sjlj -mllvm -disable-lsr -o CMakeFiles/cmTC_26bb7.dir/CMakeCCompilerABI.c.o -x c /usr/share/cmake-3.16/Modules/CMakeCCompilerABI.c
clang -cc1 version 21.0.0git based upon LLVM 21.0.0git default target x86_64-unknown-linux-gnu
ignoring nonexistent directory "/workspaces/kaios-build-env/emsdk/upstream/emscripten/cache/sysroot/include/wasm32-emscripten"
#include "..." search starts here:
#include <...> search starts here:
 /workspaces/kaios-build-env/emsdk/upstream/emscripten/cache/sysroot/include/fakesdl
 /workspaces/kaios-build-env/emsdk/upstream/emscripten/cache/sysroot/include/compat
 /workspaces/kaios-build-env/emsdk/upstream/lib/clang/21/include
 /workspaces/kaios-build-env/emsdk/upstream/emscripten/cache/sysroot/include
End of search list.
[2/2] Linking C executable cmTC_26bb7.js
 /workspaces/kaios-build-env/emsdk/upstream/bin/clang --version
 /workspaces/kaios-build-env/emsdk/upstream/bin/wasm-ld -o cmTC_26bb7.wasm CMakeFiles/cmTC_26bb7.dir/CMakeCCompilerABI.c.o -L/workspaces/kaios-build-env/emsdk/upstream/emscripten/cache/sysroot/lib/wasm32-emscripten -L/workspaces/kaios-build-env/emsdk/upstream/emscripten/src/lib -lGL-getprocaddr -lal -lhtml5 -lstubs-debug -lnoexit -lc-debug -ldlmalloc-debug -lcompiler_rt -lc++-noexcept -lc++abi-debug-noexcept -lsockets -mllvm -combiner-global-alias-analysis=false -mllvm -enable-emscripten-sjlj -mllvm -disable-lsr /tmp/tmpxero8tcglibemscripten_js_symbols.so --strip-debug --export=emscripten_stack_get_end --export=emscripten_stack_get_free --export=emscripten_stack_get_base --export=emscripten_stack_get_current --export=emscripten_stack_init --export=_emscripten_stack_alloc --export=__wasm_call_ctors --export=_emscripten_stack_restore --export-if-defined=__start_em_asm --export-if-defined=__stop_em_asm --export-if-defined=__start_em_lib_deps --export-if-defined=__stop_em_lib_deps --export-if-defined=__start_em_js --export-if-defined=__stop_em_js --export-if-defined=main --export-if-defined=__main_argc_argv --export-if-defined=fflush --export-table -z stack-size=65536 --no-growable-memory --initial-heap=16777216 --no-entry --stack-first --table-base=1
 /workspaces/kaios-build-env/emsdk/upstream/bin/llvm-objcopy cmTC_26bb7.wasm cmTC_26bb7.wasm --remove-section=.debug* --remove-section=producers --remove-section=name
 /workspaces/kaios-build-env/emsdk/node/20.18.0_64bit/bin/node /workspaces/kaios-build-env/emsdk/upstream/emscripten/tools/compiler.mjs -



Parsed C implicit include dir info from above output: rv=done
  found start of include info
  found start of implicit include info
    add: [/workspaces/kaios-build-env/emsdk/upstream/emscripten/cache/sysroot/include/fakesdl]
    add: [/workspaces/kaios-build-env/emsdk/upstream/emscripten/cache/sysroot/include/compat]
    add: [/workspaces/kaios-build-env/emsdk/upstream/lib/clang/21/include]
    add: [/workspaces/kaios-build-env/emsdk/upstream/emscripten/cache/sysroot/include]
  end of search list found
  collapse include dir [/workspaces/kaios-build-env/emsdk/upstream/emscripten/cache/sysroot/include/fakesdl] ==> [/workspaces/kaios-build-env/emsdk/upstream/emscripten/cache/sysroot/include/fakesdl]
  collapse include dir [/workspaces/kaios-build-env/emsdk/upstream/emscripten/cache/sysroot/include/compat] ==> [/workspaces/kaios-build-env/emsdk/upstream/emscripten/cache/sysroot/include/compat]
  collapse include dir [/workspaces/kaios-build-env/emsdk/upstream/lib/clang/21/include] ==> [/workspaces/kaios-build-env/emsdk/upstream/lib/clang/21/include]
  collapse include dir [/workspaces/kaios-build-env/emsdk/upstream/emscripten/cache/sysroot/include] ==> [/workspaces/kaios-build-env/emsdk/upstream/emscripten/cache/sysroot/include]
  implicit include dirs: [/workspaces/kaios-build-env/emsdk/upstream/emscripten/cache/sysroot/include/fakesdl;/workspaces/kaios-build-env/emsdk/upstream/emscripten/cache/sysroot/include/compat;/workspaces/kaios-build-env/emsdk/upstream/lib/clang/21/include;/workspaces/kaios-build-env/emsdk/upstream/emscripten/cache/sysroot/include]


Parsed C implicit link information from above output:
  link line regex: [^( *|.*[/\])(ld|CMAKE_LINK_STARTFILE-NOTFOUND|([^/\]+-)?ld|collect2)[^/\]*( |$)]
  ignore line: [Change Dir: /workspaces/kaios-build-env/kaios_rcs-main/lims/main/debug/build/CMakeFiles/CMakeTmp]
  ignore line: []
  ignore line: [Run Build Command(s):/usr/bin/ninja cmTC_26bb7 && [1/2] Building C object CMakeFiles/cmTC_26bb7.dir/CMakeCCompilerABI.c.o]
  ignore line: [ /workspaces/kaios-build-env/emsdk/upstream/bin/clang -target wasm32-unknown-emscripten -fignore-exceptions -mllvm -combiner-global-alias-analysis=false -mllvm -enable-emscripten-sjlj -mllvm -disable-lsr --sysroot=/workspaces/kaios-build-env/emsdk/upstream/emscripten/cache/sysroot -DEMSCRIPTEN -Xclang -iwithsysroot/include/fakesdl -Xclang -iwithsysroot/include/compat -v -oCMakeFiles/cmTC_26bb7.dir/CMakeCCompilerABI.c.o -c /usr/share/cmake-3.16/Modules/CMakeCCompilerABI.c]
  ignore line: [clang version 21.0.0git (https:/github.com/llvm/llvm-project 4775e6d9099467df9363e1a3cd5950cc3d2fde05)]
  ignore line: [Target: wasm32-unknown-emscripten]
  ignore line: [Thread model: posix]
  ignore line: [InstalledDir: /workspaces/kaios-build-env/emsdk/upstream/bin]
  ignore line: [ (in-process)]
  ignore line: [ "/workspaces/kaios-build-env/emsdk/upstream/bin/clang-21" -cc1 -triple wasm32-unknown-emscripten -emit-obj -disable-free -clear-ast-before-backend -disable-llvm-verifier -discard-value-names -main-file-name CMakeCCompilerABI.c -mrelocation-model static -mframe-pointer=none -ffp-contract=on -fno-rounding-math -mconstructor-aliases -target-cpu generic -fvisibility=hidden -debugger-tuning=gdb -fdebug-compilation-dir=/workspaces/kaios-build-env/kaios_rcs-main/lims/main/debug/build/CMakeFiles/CMakeTmp -v -fcoverage-compilation-dir=/workspaces/kaios-build-env/kaios_rcs-main/lims/main/debug/build/CMakeFiles/CMakeTmp -resource-dir /workspaces/kaios-build-env/emsdk/upstream/lib/clang/21 -D EMSCRIPTEN -isysroot /workspaces/kaios-build-env/emsdk/upstream/emscripten/cache/sysroot -internal-isystem /workspaces/kaios-build-env/emsdk/upstream/lib/clang/21/include -internal-isystem /workspaces/kaios-build-env/emsdk/upstream/emscripten/cache/sysroot/include/wasm32-emscripten -internal-isystem /workspaces/kaios-build-env/emsdk/upstream/emscripten/cache/sysroot/include -ferror-limit 19 -fgnuc-version=4.2.1 -fskip-odr-check-in-gmf -fignore-exceptions -iwithsysroot/include/fakesdl -iwithsysroot/include/compat -mllvm -combiner-global-alias-analysis=false -mllvm -enable-emscripten-sjlj -mllvm -disable-lsr -o CMakeFiles/cmTC_26bb7.dir/CMakeCCompilerABI.c.o -x c /usr/share/cmake-3.16/Modules/CMakeCCompilerABI.c]
  ignore line: [clang -cc1 version 21.0.0git based upon LLVM 21.0.0git default target x86_64-unknown-linux-gnu]
  ignore line: [ignoring nonexistent directory "/workspaces/kaios-build-env/emsdk/upstream/emscripten/cache/sysroot/include/wasm32-emscripten"]
  ignore line: [#include "..." search starts here:]
  ignore line: [#include <...> search starts here:]
  ignore line: [ /workspaces/kaios-build-env/emsdk/upstream/emscripten/cache/sysroot/include/fakesdl]
  ignore line: [ /workspaces/kaios-build-env/emsdk/upstream/emscripten/cache/sysroot/include/compat]
  ignore line: [ /workspaces/kaios-build-env/emsdk/upstream/lib/clang/21/include]
  ignore line: [ /workspaces/kaios-build-env/emsdk/upstream/emscripten/cache/sysroot/include]
  ignore line: [End of search list.]
  ignore line: [[2/2] Linking C executable cmTC_26bb7.js]
  ignore line: [ /workspaces/kaios-build-env/emsdk/upstream/bin/clang --version]
  link line: [ /workspaces/kaios-build-env/emsdk/upstream/bin/wasm-ld -o cmTC_26bb7.wasm CMakeFiles/cmTC_26bb7.dir/CMakeCCompilerABI.c.o -L/workspaces/kaios-build-env/emsdk/upstream/emscripten/cache/sysroot/lib/wasm32-emscripten -L/workspaces/kaios-build-env/emsdk/upstream/emscripten/src/lib -lGL-getprocaddr -lal -lhtml5 -lstubs-debug -lnoexit -lc-debug -ldlmalloc-debug -lcompiler_rt -lc++-noexcept -lc++abi-debug-noexcept -lsockets -mllvm -combiner-global-alias-analysis=false -mllvm -enable-emscripten-sjlj -mllvm -disable-lsr /tmp/tmpxero8tcglibemscripten_js_symbols.so --strip-debug --export=emscripten_stack_get_end --export=emscripten_stack_get_free --export=emscripten_stack_get_base --export=emscripten_stack_get_current --export=emscripten_stack_init --export=_emscripten_stack_alloc --export=__wasm_call_ctors --export=_emscripten_stack_restore --export-if-defined=__start_em_asm --export-if-defined=__stop_em_asm --export-if-defined=__start_em_lib_deps --export-if-defined=__stop_em_lib_deps --export-if-defined=__start_em_js --export-if-defined=__stop_em_js --export-if-defined=main --export-if-defined=__main_argc_argv --export-if-defined=fflush --export-table -z stack-size=65536 --no-growable-memory --initial-heap=16777216 --no-entry --stack-first --table-base=1]
    arg [/workspaces/kaios-build-env/emsdk/upstream/bin/wasm-ld] ==> ignore
    arg [-o] ==> ignore
    arg [cmTC_26bb7.wasm] ==> ignore
    arg [CMakeFiles/cmTC_26bb7.dir/CMakeCCompilerABI.c.o] ==> ignore
    arg [-L/workspaces/kaios-build-env/emsdk/upstream/emscripten/cache/sysroot/lib/wasm32-emscripten] ==> dir [/workspaces/kaios-build-env/emsdk/upstream/emscripten/cache/sysroot/lib/wasm32-emscripten]
    arg [-L/workspaces/kaios-build-env/emsdk/upstream/emscripten/src/lib] ==> dir [/workspaces/kaios-build-env/emsdk/upstream/emscripten/src/lib]
    arg [-lGL-getprocaddr] ==> lib [GL-getprocaddr]
    arg [-lal] ==> lib [al]
    arg [-lhtml5] ==> lib [html5]
    arg [-lstubs-debug] ==> lib [stubs-debug]
    arg [-lnoexit] ==> lib [noexit]
    arg [-lc-debug] ==> lib [c-debug]
    arg [-ldlmalloc-debug] ==> lib [dlmalloc-debug]
    arg [-lcompiler_rt] ==> lib [compiler_rt]
    arg [-lc++-noexcept] ==> lib [c++-noexcept]
    arg [-lc++abi-debug-noexcept] ==> lib [c++abi-debug-noexcept]
    arg [-lsockets] ==> lib [sockets]
    arg [-mllvm] ==> ignore
    arg [-combiner-global-alias-analysis=false] ==> ignore
    arg [-mllvm] ==> ignore
    arg [-enable-emscripten-sjlj] ==> ignore
    arg [-mllvm] ==> ignore
    arg [-disable-lsr] ==> ignore
    arg [/tmp/tmpxero8tcglibemscripten_js_symbols.so] ==> ignore
    arg [--strip-debug] ==> ignore
    arg [--export=emscripten_stack_get_end] ==> ignore
    arg [--export=emscripten_stack_get_free] ==> ignore
    arg [--export=emscripten_stack_get_base] ==> ignore
    arg [--export=emscripten_stack_get_current] ==> ignore
    arg [--export=emscripten_stack_init] ==> ignore
    arg [--export=_emscripten_stack_alloc] ==> ignore
    arg [--export=__wasm_call_ctors] ==> ignore
    arg [--export=_emscripten_stack_restore] ==> ignore
    arg [--export-if-defined=__start_em_asm] ==> ignore
    arg [--export-if-defined=__stop_em_asm] ==> ignore
    arg [--export-if-defined=__start_em_lib_deps] ==> ignore
    arg [--export-if-defined=__stop_em_lib_deps] ==> ignore
    arg [--export-if-defined=__start_em_js] ==> ignore
    arg [--export-if-defined=__stop_em_js] ==> ignore
    arg [--export-if-defined=main] ==> ignore
    arg [--export-if-defined=__main_argc_argv] ==> ignore
    arg [--export-if-defined=fflush] ==> ignore
    arg [--export-table] ==> ignore
    arg [-zstack-size=65536] ==> ignore
    arg [--no-growable-memory] ==> ignore
    arg [--initial-heap=16777216] ==> ignore
    arg [--no-entry] ==> ignore
    arg [--stack-first] ==> ignore
    arg [--table-base=1] ==> ignore
  collapse library dir [/workspaces/kaios-build-env/emsdk/upstream/emscripten/cache/sysroot/lib/wasm32-emscripten] ==> [/workspaces/kaios-build-env/emsdk/upstream/emscripten/cache/sysroot/lib/wasm32-emscripten]
  collapse library dir [/workspaces/kaios-build-env/emsdk/upstream/emscripten/src/lib] ==> [/workspaces/kaios-build-env/emsdk/upstream/emscripten/src/lib]
  implicit libs: [GL-getprocaddr;al;html5;stubs-debug;noexit;c-debug;dlmalloc-debug;compiler_rt;c++-noexcept;c++abi-debug-noexcept;sockets]
  implicit dirs: [/workspaces/kaios-build-env/emsdk/upstream/emscripten/cache/sysroot/lib/wasm32-emscripten;/workspaces/kaios-build-env/emsdk/upstream/emscripten/src/lib]
  implicit fwks: []


